1,_Z18gemm_kernel2x2_valIdLb0ELb0ELb0ELb0ELb0EEvPT_PKS0_S3_iiiiiiS0_S0_,49,64,BB_29_0,3136,49,1,10
1,_Z18gemm_kernel2x2_valIdLb0ELb0ELb0ELb0ELb0EEvPT_PKS0_S3_iiiiiiS0_S0_,49,64,BB_29_1,0,0,0,10
1,_Z18gemm_kernel2x2_valIdLb0ELb0ELb0ELb0ELb0EEvPT_PKS0_S3_iiiiiiS0_S0_,49,64,BB_29_10,2688,42,1,10
1,_Z18gemm_kernel2x2_valIdLb0ELb0ELb0ELb0ELb0EEvPT_PKS0_S3_iiiiiiS0_S0_,49,64,BB_29_11,34048,539,0.987013,00
1,_Z18gemm_kernel2x2_valIdLb0ELb0ELb0ELb0ELb0EEvPT_PKS0_S3_iiiiiiS0_S0_,49,64,BB_29_12,896,14,1,10
1,_Z18gemm_kernel2x2_valIdLb0ELb0ELb0ELb0ELb0EEvPT_PKS0_S3_iiiiiiS0_S0_,49,64,BB_29_13,2688,42,1,10
1,_Z18gemm_kernel2x2_valIdLb0ELb0ELb0ELb0ELb0EEvPT_PKS0_S3_iiiiiiS0_S0_,49,64,BB_29_14,68656,1078,0.99513,00
1,_Z18gemm_kernel2x2_valIdLb0ELb0ELb0ELb0ELb0EEvPT_PKS0_S3_iiiiiiS0_S0_,49,64,BB_29_15,672,14,0.75,00
1,_Z18gemm_kernel2x2_valIdLb0ELb0ELb0ELb0ELb0EEvPT_PKS0_S3_iiiiiiS0_S0_,49,64,BB_29_16,2800,49,0.892857,00
1,_Z18gemm_kernel2x2_valIdLb0ELb0ELb0ELb0ELb0EEvPT_PKS0_S3_iiiiiiS0_S0_,49,64,BB_29_17,40432,644,0.980978,00
1,_Z18gemm_kernel2x2_valIdLb0ELb0ELb0ELb0ELb0EEvPT_PKS0_S3_iiiiiiS0_S0_,49,64,BB_29_18,672,14,0.75,00
1,_Z18gemm_kernel2x2_valIdLb0ELb0ELb0ELb0ELb0EEvPT_PKS0_S3_iiiiiiS0_S0_,49,64,BB_29_19,2800,49,0.892857,00
1,_Z18gemm_kernel2x2_valIdLb0ELb0ELb0ELb0ELb0EEvPT_PKS0_S3_iiiiiiS0_S0_,49,64,BB_29_2,72128,1127,1,10
1,_Z18gemm_kernel2x2_valIdLb0ELb0ELb0ELb0ELb0EEvPT_PKS0_S3_iiiiiiS0_S0_,49,64,BB_29_20,40432,644,0.980978,00
1,_Z18gemm_kernel2x2_valIdLb0ELb0ELb0ELb0ELb0EEvPT_PKS0_S3_iiiiiiS0_S0_,49,64,BB_29_21,672,14,0.75,00
1,_Z18gemm_kernel2x2_valIdLb0ELb0ELb0ELb0ELb0EEvPT_PKS0_S3_iiiiiiS0_S0_,49,64,BB_29_22,2800,49,0.892857,00
1,_Z18gemm_kernel2x2_valIdLb0ELb0ELb0ELb0ELb0EEvPT_PKS0_S3_iiiiiiS0_S0_,49,64,BB_29_23,37296,595,0.979412,00
1,_Z18gemm_kernel2x2_valIdLb0ELb0ELb0ELb0ELb0EEvPT_PKS0_S3_iiiiiiS0_S0_,49,64,BB_29_24,672,14,0.75,00
1,_Z18gemm_kernel2x2_valIdLb0ELb0ELb0ELb0ELb0EEvPT_PKS0_S3_iiiiiiS0_S0_,49,64,BB_29_25,2800,49,0.892857,00
1,_Z18gemm_kernel2x2_valIdLb0ELb0ELb0ELb0ELb0EEvPT_PKS0_S3_iiiiiiS0_S0_,49,64,BB_29_26,21952,350,0.98,01
1,_Z18gemm_kernel2x2_valIdLb0ELb0ELb0ELb0ELb0EEvPT_PKS0_S3_iiiiiiS0_S0_,49,64,BB_29_27,0,0,0,10
1,_Z18gemm_kernel2x2_valIdLb0ELb0ELb0ELb0ELb0EEvPT_PKS0_S3_iiiiiiS0_S0_,49,64,BB_29_28,21952,343,1,10
1,_Z18gemm_kernel2x2_valIdLb0ELb0ELb0ELb0ELb0EEvPT_PKS0_S3_iiiiiiS0_S0_,49,64,BB_29_29,2970912,46452,0.999322,01
1,_Z18gemm_kernel2x2_valIdLb0ELb0ELb0ELb0ELb0EEvPT_PKS0_S3_iiiiiiS0_S0_,49,64,BB_29_3,0,0,0,10
1,_Z18gemm_kernel2x2_valIdLb0ELb0ELb0ELb0ELb0EEvPT_PKS0_S3_iiiiiiS0_S0_,49,64,BB_29_30,4032,84,0.75,00
1,_Z18gemm_kernel2x2_valIdLb0ELb0ELb0ELb0ELb0EEvPT_PKS0_S3_iiiiiiS0_S0_,49,64,BB_29_31,16800,294,0.892857,00
1,_Z18gemm_kernel2x2_valIdLb0ELb0ELb0ELb0ELb0EEvPT_PKS0_S3_iiiiiiS0_S0_,49,64,BB_29_32,371504,5922,0.980201,00
1,_Z18gemm_kernel2x2_valIdLb0ELb0ELb0ELb0ELb0EEvPT_PKS0_S3_iiiiiiS0_S0_,49,64,BB_29_33,9632,168,0.895833,00
1,_Z18gemm_kernel2x2_valIdLb0ELb0ELb0ELb0ELb0EEvPT_PKS0_S3_iiiiiiS0_S0_,49,64,BB_29_34,14000,245,0.892857,00
1,_Z18gemm_kernel2x2_valIdLb0ELb0ELb0ELb0ELb0EEvPT_PKS0_S3_iiiiiiS0_S0_,49,64,BB_29_35,296240,4739,0.976736,00
1,_Z18gemm_kernel2x2_valIdLb0ELb0ELb0ELb0ELb0EEvPT_PKS0_S3_iiiiiiS0_S0_,49,64,BB_29_36,9632,168,0.895833,00
1,_Z18gemm_kernel2x2_valIdLb0ELb0ELb0ELb0ELb0EEvPT_PKS0_S3_iiiiiiS0_S0_,49,64,BB_29_37,14000,245,0.892857,00
1,_Z18gemm_kernel2x2_valIdLb0ELb0ELb0ELb0ELb0EEvPT_PKS0_S3_iiiiiiS0_S0_,49,64,BB_29_38,277424,4445,0.975197,00
1,_Z18gemm_kernel2x2_valIdLb0ELb0ELb0ELb0ELb0EEvPT_PKS0_S3_iiiiiiS0_S0_,49,64,BB_29_39,9632,168,0.895833,00
1,_Z18gemm_kernel2x2_valIdLb0ELb0ELb0ELb0ELb0EEvPT_PKS0_S3_iiiiiiS0_S0_,49,64,BB_29_4,3136,49,1,10
1,_Z18gemm_kernel2x2_valIdLb0ELb0ELb0ELb0ELb0EEvPT_PKS0_S3_iiiiiiS0_S0_,49,64,BB_29_40,14000,245,0.892857,00
1,_Z18gemm_kernel2x2_valIdLb0ELb0ELb0ELb0ELb0EEvPT_PKS0_S3_iiiiiiS0_S0_,49,64,BB_29_41,392784,6209,0.988444,00
1,_Z18gemm_kernel2x2_valIdLb0ELb0ELb0ELb0ELb0EEvPT_PKS0_S3_iiiiiiS0_S0_,49,64,BB_29_42,4704,98,0.75,00
1,_Z18gemm_kernel2x2_valIdLb0ELb0ELb0ELb0ELb0EEvPT_PKS0_S3_iiiiiiS0_S0_,49,64,BB_29_43,16464,294,0.875,00
1,_Z18gemm_kernel2x2_valIdLb0ELb0ELb0ELb0ELb0EEvPT_PKS0_S3_iiiiiiS0_S0_,49,64,BB_29_44,409248,6517,0.981203,00
1,_Z18gemm_kernel2x2_valIdLb0ELb0ELb0ELb0ELb0EEvPT_PKS0_S3_iiiiiiS0_S0_,49,64,BB_29_45,9408,168,0.875,00
1,_Z18gemm_kernel2x2_valIdLb0ELb0ELb0ELb0ELb0EEvPT_PKS0_S3_iiiiiiS0_S0_,49,64,BB_29_46,14112,252,0.875,00
1,_Z18gemm_kernel2x2_valIdLb0ELb0ELb0ELb0ELb0EEvPT_PKS0_S3_iiiiiiS0_S0_,49,64,BB_29_47,371616,5922,0.980496,00
1,_Z18gemm_kernel2x2_valIdLb0ELb0ELb0ELb0ELb0EEvPT_PKS0_S3_iiiiiiS0_S0_,49,64,BB_29_48,9408,168,0.875,00
1,_Z18gemm_kernel2x2_valIdLb0ELb0ELb0ELb0ELb0EEvPT_PKS0_S3_iiiiiiS0_S0_,49,64,BB_29_49,14112,252,0.875,00
1,_Z18gemm_kernel2x2_valIdLb0ELb0ELb0ELb0ELb0EEvPT_PKS0_S3_iiiiiiS0_S0_,49,64,BB_29_5,37184,588,0.988095,00
1,_Z18gemm_kernel2x2_valIdLb0ELb0ELb0ELb0ELb0EEvPT_PKS0_S3_iiiiiiS0_S0_,49,64,BB_29_50,352800,5628,0.979478,00
1,_Z18gemm_kernel2x2_valIdLb0ELb0ELb0ELb0ELb0EEvPT_PKS0_S3_iiiiiiS0_S0_,49,64,BB_29_51,9408,168,0.875,00
1,_Z18gemm_kernel2x2_valIdLb0ELb0ELb0ELb0ELb0EEvPT_PKS0_S3_iiiiiiS0_S0_,49,64,BB_29_52,14112,252,0.875,00
1,_Z18gemm_kernel2x2_valIdLb0ELb0ELb0ELb0ELb0EEvPT_PKS0_S3_iiiiiiS0_S0_,49,64,BB_29_53,185024,2982,0.969484,01
1,_Z18gemm_kernel2x2_valIdLb0ELb0ELb0ELb0ELb0EEvPT_PKS0_S3_iiiiiiS0_S0_,49,64,BB_29_54,15680,245,1,10
1,_Z18gemm_kernel2x2_valIdLb0ELb0ELb0ELb0ELb0EEvPT_PKS0_S3_iiiiiiS0_S0_,49,64,BB_29_55,0,0,0,10
1,_Z18gemm_kernel2x2_valIdLb0ELb0ELb0ELb0ELb0EEvPT_PKS0_S3_iiiiiiS0_S0_,49,64,BB_29_56,37632,588,1,10
1,_Z18gemm_kernel2x2_valIdLb0ELb0ELb0ELb0ELb0EEvPT_PKS0_S3_iiiiiiS0_S0_,49,64,BB_29_57,159936,2548,0.980769,00
1,_Z18gemm_kernel2x2_valIdLb0ELb0ELb0ELb0ELb0EEvPT_PKS0_S3_iiiiiiS0_S0_,49,64,BB_29_58,84672,1372,0.964286,00
1,_Z18gemm_kernel2x2_valIdLb0ELb0ELb0ELb0ELb0EEvPT_PKS0_S3_iiiiiiS0_S0_,49,64,BB_29_59,432,49,0.137755,00
1,_Z18gemm_kernel2x2_valIdLb0ELb0ELb0ELb0ELb0EEvPT_PKS0_S3_iiiiiiS0_S0_,49,64,BB_29_6,896,14,1,10
1,_Z18gemm_kernel2x2_valIdLb0ELb0ELb0ELb0ELb0EEvPT_PKS0_S3_iiiiiiS0_S0_,49,64,BB_29_60,8112,147,0.862245,00
1,_Z18gemm_kernel2x2_valIdLb0ELb0ELb0ELb0ELb0EEvPT_PKS0_S3_iiiiiiS0_S0_,49,64,BB_29_61,19456,356,0.853933,00
1,_Z18gemm_kernel2x2_valIdLb0ELb0ELb0ELb0ELb0EEvPT_PKS0_S3_iiiiiiS0_S0_,49,64,BB_29_62,7488,126,0.928571,00
1,_Z18gemm_kernel2x2_valIdLb0ELb0ELb0ELb0ELb0EEvPT_PKS0_S3_iiiiiiS0_S0_,49,64,BB_29_63,25728,447,0.899329,00
1,_Z18gemm_kernel2x2_valIdLb0ELb0ELb0ELb0ELb0EEvPT_PKS0_S3_iiiiiiS0_S0_,49,64,BB_29_64,7488,126,0.928571,00
1,_Z18gemm_kernel2x2_valIdLb0ELb0ELb0ELb0ELb0EEvPT_PKS0_S3_iiiiiiS0_S0_,49,64,BB_29_65,16512,300,0.86,00
1,_Z18gemm_kernel2x2_valIdLb0ELb0ELb0ELb0ELb0EEvPT_PKS0_S3_iiiiiiS0_S0_,49,64,BB_29_66,11520,180,1,10
1,_Z18gemm_kernel2x2_valIdLb0ELb0ELb0ELb0ELb0EEvPT_PKS0_S3_iiiiiiS0_S0_,49,64,BB_29_67,0,0,0,10
1,_Z18gemm_kernel2x2_valIdLb0ELb0ELb0ELb0ELb0EEvPT_PKS0_S3_iiiiiiS0_S0_,49,64,BB_29_68,0,0,0,10
1,_Z18gemm_kernel2x2_valIdLb0ELb0ELb0ELb0ELb0EEvPT_PKS0_S3_iiiiiiS0_S0_,49,64,BB_29_69,0,0,0,10
1,_Z18gemm_kernel2x2_valIdLb0ELb0ELb0ELb0ELb0EEvPT_PKS0_S3_iiiiiiS0_S0_,49,64,BB_29_7,2688,42,1,10
1,_Z18gemm_kernel2x2_valIdLb0ELb0ELb0ELb0ELb0EEvPT_PKS0_S3_iiiiiiS0_S0_,49,64,BB_29_70,0,0,0,10
1,_Z18gemm_kernel2x2_valIdLb0ELb0ELb0ELb0ELb0EEvPT_PKS0_S3_iiiiiiS0_S0_,49,64,BB_29_71,0,0,0,10
1,_Z18gemm_kernel2x2_valIdLb0ELb0ELb0ELb0ELb0EEvPT_PKS0_S3_iiiiiiS0_S0_,49,64,BB_29_72,0,0,0,10
1,_Z18gemm_kernel2x2_valIdLb0ELb0ELb0ELb0ELb0EEvPT_PKS0_S3_iiiiiiS0_S0_,49,64,BB_29_73,0,0,0,10
1,_Z18gemm_kernel2x2_valIdLb0ELb0ELb0ELb0ELb0EEvPT_PKS0_S3_iiiiiiS0_S0_,49,64,BB_29_74,0,0,0,10
1,_Z18gemm_kernel2x2_valIdLb0ELb0ELb0ELb0ELb0EEvPT_PKS0_S3_iiiiiiS0_S0_,49,64,BB_29_75,2496,39,1,10
1,_Z18gemm_kernel2x2_valIdLb0ELb0ELb0ELb0ELb0EEvPT_PKS0_S3_iiiiiiS0_S0_,49,64,BB_29_8,37184,588,0.988095,00
1,_Z18gemm_kernel2x2_valIdLb0ELb0ELb0ELb0ELb0EEvPT_PKS0_S3_iiiiiiS0_S0_,49,64,BB_29_9,896,14,1,10
1,_Z18gemm_kernel2x2_valIdLb0ELb0ELb0ELb0ELb0EEvPT_PKS0_S3_iiiiiiS0_S0_,49,64,entry,6650336,105622,0.983805,00
1,_Z18gemm_kernel2x2_valIdLb0ELb0ELb0ELb0ELb0EEvPT_PKS0_S3_iiiiiiS0_S0_,49,64,BB_29_0,3136,49,1,10
1,_Z18gemm_kernel2x2_valIdLb0ELb0ELb0ELb0ELb0EEvPT_PKS0_S3_iiiiiiS0_S0_,49,64,BB_29_1,0,0,0,10
1,_Z18gemm_kernel2x2_valIdLb0ELb0ELb0ELb0ELb0EEvPT_PKS0_S3_iiiiiiS0_S0_,49,64,BB_29_10,2688,42,1,10
1,_Z18gemm_kernel2x2_valIdLb0ELb0ELb0ELb0ELb0EEvPT_PKS0_S3_iiiiiiS0_S0_,49,64,BB_29_11,34048,539,0.987013,00
1,_Z18gemm_kernel2x2_valIdLb0ELb0ELb0ELb0ELb0EEvPT_PKS0_S3_iiiiiiS0_S0_,49,64,BB_29_12,896,14,1,10
1,_Z18gemm_kernel2x2_valIdLb0ELb0ELb0ELb0ELb0EEvPT_PKS0_S3_iiiiiiS0_S0_,49,64,BB_29_13,2688,42,1,10
1,_Z18gemm_kernel2x2_valIdLb0ELb0ELb0ELb0ELb0EEvPT_PKS0_S3_iiiiiiS0_S0_,49,64,BB_29_14,68656,1078,0.99513,00
1,_Z18gemm_kernel2x2_valIdLb0ELb0ELb0ELb0ELb0EEvPT_PKS0_S3_iiiiiiS0_S0_,49,64,BB_29_15,672,14,0.75,00
1,_Z18gemm_kernel2x2_valIdLb0ELb0ELb0ELb0ELb0EEvPT_PKS0_S3_iiiiiiS0_S0_,49,64,BB_29_16,2800,49,0.892857,00
1,_Z18gemm_kernel2x2_valIdLb0ELb0ELb0ELb0ELb0EEvPT_PKS0_S3_iiiiiiS0_S0_,49,64,BB_29_17,40432,644,0.980978,00
1,_Z18gemm_kernel2x2_valIdLb0ELb0ELb0ELb0ELb0EEvPT_PKS0_S3_iiiiiiS0_S0_,49,64,BB_29_18,672,14,0.75,00
1,_Z18gemm_kernel2x2_valIdLb0ELb0ELb0ELb0ELb0EEvPT_PKS0_S3_iiiiiiS0_S0_,49,64,BB_29_19,2800,49,0.892857,00
1,_Z18gemm_kernel2x2_valIdLb0ELb0ELb0ELb0ELb0EEvPT_PKS0_S3_iiiiiiS0_S0_,49,64,BB_29_2,72128,1127,1,10
1,_Z18gemm_kernel2x2_valIdLb0ELb0ELb0ELb0ELb0EEvPT_PKS0_S3_iiiiiiS0_S0_,49,64,BB_29_20,40432,644,0.980978,00
1,_Z18gemm_kernel2x2_valIdLb0ELb0ELb0ELb0ELb0EEvPT_PKS0_S3_iiiiiiS0_S0_,49,64,BB_29_21,672,14,0.75,00
1,_Z18gemm_kernel2x2_valIdLb0ELb0ELb0ELb0ELb0EEvPT_PKS0_S3_iiiiiiS0_S0_,49,64,BB_29_22,2800,49,0.892857,00
1,_Z18gemm_kernel2x2_valIdLb0ELb0ELb0ELb0ELb0EEvPT_PKS0_S3_iiiiiiS0_S0_,49,64,BB_29_23,37296,595,0.979412,00
1,_Z18gemm_kernel2x2_valIdLb0ELb0ELb0ELb0ELb0EEvPT_PKS0_S3_iiiiiiS0_S0_,49,64,BB_29_24,672,14,0.75,00
1,_Z18gemm_kernel2x2_valIdLb0ELb0ELb0ELb0ELb0EEvPT_PKS0_S3_iiiiiiS0_S0_,49,64,BB_29_25,2800,49,0.892857,00
1,_Z18gemm_kernel2x2_valIdLb0ELb0ELb0ELb0ELb0EEvPT_PKS0_S3_iiiiiiS0_S0_,49,64,BB_29_26,21952,350,0.98,01
1,_Z18gemm_kernel2x2_valIdLb0ELb0ELb0ELb0ELb0EEvPT_PKS0_S3_iiiiiiS0_S0_,49,64,BB_29_27,0,0,0,10
1,_Z18gemm_kernel2x2_valIdLb0ELb0ELb0ELb0ELb0EEvPT_PKS0_S3_iiiiiiS0_S0_,49,64,BB_29_28,21952,343,1,10
1,_Z18gemm_kernel2x2_valIdLb0ELb0ELb0ELb0ELb0EEvPT_PKS0_S3_iiiiiiS0_S0_,49,64,BB_29_29,2970912,46452,0.999322,01
1,_Z18gemm_kernel2x2_valIdLb0ELb0ELb0ELb0ELb0EEvPT_PKS0_S3_iiiiiiS0_S0_,49,64,BB_29_3,0,0,0,10
1,_Z18gemm_kernel2x2_valIdLb0ELb0ELb0ELb0ELb0EEvPT_PKS0_S3_iiiiiiS0_S0_,49,64,BB_29_30,4032,84,0.75,00
1,_Z18gemm_kernel2x2_valIdLb0ELb0ELb0ELb0ELb0EEvPT_PKS0_S3_iiiiiiS0_S0_,49,64,BB_29_31,16800,294,0.892857,00
1,_Z18gemm_kernel2x2_valIdLb0ELb0ELb0ELb0ELb0EEvPT_PKS0_S3_iiiiiiS0_S0_,49,64,BB_29_32,371504,5922,0.980201,00
1,_Z18gemm_kernel2x2_valIdLb0ELb0ELb0ELb0ELb0EEvPT_PKS0_S3_iiiiiiS0_S0_,49,64,BB_29_33,9632,168,0.895833,00
1,_Z18gemm_kernel2x2_valIdLb0ELb0ELb0ELb0ELb0EEvPT_PKS0_S3_iiiiiiS0_S0_,49,64,BB_29_34,14000,245,0.892857,00
1,_Z18gemm_kernel2x2_valIdLb0ELb0ELb0ELb0ELb0EEvPT_PKS0_S3_iiiiiiS0_S0_,49,64,BB_29_35,296240,4739,0.976736,00
1,_Z18gemm_kernel2x2_valIdLb0ELb0ELb0ELb0ELb0EEvPT_PKS0_S3_iiiiiiS0_S0_,49,64,BB_29_36,9632,168,0.895833,00
1,_Z18gemm_kernel2x2_valIdLb0ELb0ELb0ELb0ELb0EEvPT_PKS0_S3_iiiiiiS0_S0_,49,64,BB_29_37,14000,245,0.892857,00
1,_Z18gemm_kernel2x2_valIdLb0ELb0ELb0ELb0ELb0EEvPT_PKS0_S3_iiiiiiS0_S0_,49,64,BB_29_38,277424,4445,0.975197,00
1,_Z18gemm_kernel2x2_valIdLb0ELb0ELb0ELb0ELb0EEvPT_PKS0_S3_iiiiiiS0_S0_,49,64,BB_29_39,9632,168,0.895833,00
1,_Z18gemm_kernel2x2_valIdLb0ELb0ELb0ELb0ELb0EEvPT_PKS0_S3_iiiiiiS0_S0_,49,64,BB_29_4,3136,49,1,10
1,_Z18gemm_kernel2x2_valIdLb0ELb0ELb0ELb0ELb0EEvPT_PKS0_S3_iiiiiiS0_S0_,49,64,BB_29_40,14000,245,0.892857,00
1,_Z18gemm_kernel2x2_valIdLb0ELb0ELb0ELb0ELb0EEvPT_PKS0_S3_iiiiiiS0_S0_,49,64,BB_29_41,392784,6209,0.988444,00
1,_Z18gemm_kernel2x2_valIdLb0ELb0ELb0ELb0ELb0EEvPT_PKS0_S3_iiiiiiS0_S0_,49,64,BB_29_42,4704,98,0.75,00
1,_Z18gemm_kernel2x2_valIdLb0ELb0ELb0ELb0ELb0EEvPT_PKS0_S3_iiiiiiS0_S0_,49,64,BB_29_43,16464,294,0.875,00
1,_Z18gemm_kernel2x2_valIdLb0ELb0ELb0ELb0ELb0EEvPT_PKS0_S3_iiiiiiS0_S0_,49,64,BB_29_44,409248,6517,0.981203,00
1,_Z18gemm_kernel2x2_valIdLb0ELb0ELb0ELb0ELb0EEvPT_PKS0_S3_iiiiiiS0_S0_,49,64,BB_29_45,9408,168,0.875,00
1,_Z18gemm_kernel2x2_valIdLb0ELb0ELb0ELb0ELb0EEvPT_PKS0_S3_iiiiiiS0_S0_,49,64,BB_29_46,14112,252,0.875,00
1,_Z18gemm_kernel2x2_valIdLb0ELb0ELb0ELb0ELb0EEvPT_PKS0_S3_iiiiiiS0_S0_,49,64,BB_29_47,371616,5922,0.980496,00
1,_Z18gemm_kernel2x2_valIdLb0ELb0ELb0ELb0ELb0EEvPT_PKS0_S3_iiiiiiS0_S0_,49,64,BB_29_48,9408,168,0.875,00
1,_Z18gemm_kernel2x2_valIdLb0ELb0ELb0ELb0ELb0EEvPT_PKS0_S3_iiiiiiS0_S0_,49,64,BB_29_49,14112,252,0.875,00
1,_Z18gemm_kernel2x2_valIdLb0ELb0ELb0ELb0ELb0EEvPT_PKS0_S3_iiiiiiS0_S0_,49,64,BB_29_5,37184,588,0.988095,00
1,_Z18gemm_kernel2x2_valIdLb0ELb0ELb0ELb0ELb0EEvPT_PKS0_S3_iiiiiiS0_S0_,49,64,BB_29_50,352800,5628,0.979478,00
1,_Z18gemm_kernel2x2_valIdLb0ELb0ELb0ELb0ELb0EEvPT_PKS0_S3_iiiiiiS0_S0_,49,64,BB_29_51,9408,168,0.875,00
1,_Z18gemm_kernel2x2_valIdLb0ELb0ELb0ELb0ELb0EEvPT_PKS0_S3_iiiiiiS0_S0_,49,64,BB_29_52,14112,252,0.875,00
1,_Z18gemm_kernel2x2_valIdLb0ELb0ELb0ELb0ELb0EEvPT_PKS0_S3_iiiiiiS0_S0_,49,64,BB_29_53,185024,2982,0.969484,01
1,_Z18gemm_kernel2x2_valIdLb0ELb0ELb0ELb0ELb0EEvPT_PKS0_S3_iiiiiiS0_S0_,49,64,BB_29_54,15680,245,1,10
1,_Z18gemm_kernel2x2_valIdLb0ELb0ELb0ELb0ELb0EEvPT_PKS0_S3_iiiiiiS0_S0_,49,64,BB_29_55,0,0,0,10
1,_Z18gemm_kernel2x2_valIdLb0ELb0ELb0ELb0ELb0EEvPT_PKS0_S3_iiiiiiS0_S0_,49,64,BB_29_56,37632,588,1,10
1,_Z18gemm_kernel2x2_valIdLb0ELb0ELb0ELb0ELb0EEvPT_PKS0_S3_iiiiiiS0_S0_,49,64,BB_29_57,159936,2548,0.980769,00
1,_Z18gemm_kernel2x2_valIdLb0ELb0ELb0ELb0ELb0EEvPT_PKS0_S3_iiiiiiS0_S0_,49,64,BB_29_58,84672,1372,0.964286,00
1,_Z18gemm_kernel2x2_valIdLb0ELb0ELb0ELb0ELb0EEvPT_PKS0_S3_iiiiiiS0_S0_,49,64,BB_29_59,432,49,0.137755,00
1,_Z18gemm_kernel2x2_valIdLb0ELb0ELb0ELb0ELb0EEvPT_PKS0_S3_iiiiiiS0_S0_,49,64,BB_29_6,896,14,1,10
1,_Z18gemm_kernel2x2_valIdLb0ELb0ELb0ELb0ELb0EEvPT_PKS0_S3_iiiiiiS0_S0_,49,64,BB_29_60,8112,147,0.862245,00
1,_Z18gemm_kernel2x2_valIdLb0ELb0ELb0ELb0ELb0EEvPT_PKS0_S3_iiiiiiS0_S0_,49,64,BB_29_61,19456,356,0.853933,00
1,_Z18gemm_kernel2x2_valIdLb0ELb0ELb0ELb0ELb0EEvPT_PKS0_S3_iiiiiiS0_S0_,49,64,BB_29_62,7488,126,0.928571,00
1,_Z18gemm_kernel2x2_valIdLb0ELb0ELb0ELb0ELb0EEvPT_PKS0_S3_iiiiiiS0_S0_,49,64,BB_29_63,25728,447,0.899329,00
1,_Z18gemm_kernel2x2_valIdLb0ELb0ELb0ELb0ELb0EEvPT_PKS0_S3_iiiiiiS0_S0_,49,64,BB_29_64,7488,126,0.928571,00
1,_Z18gemm_kernel2x2_valIdLb0ELb0ELb0ELb0ELb0EEvPT_PKS0_S3_iiiiiiS0_S0_,49,64,BB_29_65,16512,300,0.86,00
1,_Z18gemm_kernel2x2_valIdLb0ELb0ELb0ELb0ELb0EEvPT_PKS0_S3_iiiiiiS0_S0_,49,64,BB_29_66,11520,180,1,10
1,_Z18gemm_kernel2x2_valIdLb0ELb0ELb0ELb0ELb0EEvPT_PKS0_S3_iiiiiiS0_S0_,49,64,BB_29_67,0,0,0,10
1,_Z18gemm_kernel2x2_valIdLb0ELb0ELb0ELb0ELb0EEvPT_PKS0_S3_iiiiiiS0_S0_,49,64,BB_29_68,0,0,0,10
1,_Z18gemm_kernel2x2_valIdLb0ELb0ELb0ELb0ELb0EEvPT_PKS0_S3_iiiiiiS0_S0_,49,64,BB_29_69,0,0,0,10
1,_Z18gemm_kernel2x2_valIdLb0ELb0ELb0ELb0ELb0EEvPT_PKS0_S3_iiiiiiS0_S0_,49,64,BB_29_7,2688,42,1,10
1,_Z18gemm_kernel2x2_valIdLb0ELb0ELb0ELb0ELb0EEvPT_PKS0_S3_iiiiiiS0_S0_,49,64,BB_29_70,0,0,0,10
1,_Z18gemm_kernel2x2_valIdLb0ELb0ELb0ELb0ELb0EEvPT_PKS0_S3_iiiiiiS0_S0_,49,64,BB_29_71,0,0,0,10
1,_Z18gemm_kernel2x2_valIdLb0ELb0ELb0ELb0ELb0EEvPT_PKS0_S3_iiiiiiS0_S0_,49,64,BB_29_72,0,0,0,10
1,_Z18gemm_kernel2x2_valIdLb0ELb0ELb0ELb0ELb0EEvPT_PKS0_S3_iiiiiiS0_S0_,49,64,BB_29_73,0,0,0,10
1,_Z18gemm_kernel2x2_valIdLb0ELb0ELb0ELb0ELb0EEvPT_PKS0_S3_iiiiiiS0_S0_,49,64,BB_29_74,0,0,0,10
1,_Z18gemm_kernel2x2_valIdLb0ELb0ELb0ELb0ELb0EEvPT_PKS0_S3_iiiiiiS0_S0_,49,64,BB_29_75,2496,39,1,10
1,_Z18gemm_kernel2x2_valIdLb0ELb0ELb0ELb0ELb0EEvPT_PKS0_S3_iiiiiiS0_S0_,49,64,BB_29_8,37184,588,0.988095,00
1,_Z18gemm_kernel2x2_valIdLb0ELb0ELb0ELb0ELb0EEvPT_PKS0_S3_iiiiiiS0_S0_,49,64,BB_29_9,896,14,1,10
1,_Z18gemm_kernel2x2_valIdLb0ELb0ELb0ELb0ELb0EEvPT_PKS0_S3_iiiiiiS0_S0_,49,64,entry,6650336,105622,0.983805,00
1,_Z18gemm_kernel2x2_valIdLb0ELb0ELb0ELb0ELb0EEvPT_PKS0_S3_iiiiiiS0_S0_,49,64,BB_29_0,3136,49,1,10
1,_Z18gemm_kernel2x2_valIdLb0ELb0ELb0ELb0ELb0EEvPT_PKS0_S3_iiiiiiS0_S0_,49,64,BB_29_1,0,0,0,10
1,_Z18gemm_kernel2x2_valIdLb0ELb0ELb0ELb0ELb0EEvPT_PKS0_S3_iiiiiiS0_S0_,49,64,BB_29_10,2688,42,1,10
1,_Z18gemm_kernel2x2_valIdLb0ELb0ELb0ELb0ELb0EEvPT_PKS0_S3_iiiiiiS0_S0_,49,64,BB_29_11,34048,539,0.987013,00
1,_Z18gemm_kernel2x2_valIdLb0ELb0ELb0ELb0ELb0EEvPT_PKS0_S3_iiiiiiS0_S0_,49,64,BB_29_12,896,14,1,10
1,_Z18gemm_kernel2x2_valIdLb0ELb0ELb0ELb0ELb0EEvPT_PKS0_S3_iiiiiiS0_S0_,49,64,BB_29_13,2688,42,1,10
1,_Z18gemm_kernel2x2_valIdLb0ELb0ELb0ELb0ELb0EEvPT_PKS0_S3_iiiiiiS0_S0_,49,64,BB_29_14,68656,1078,0.99513,00
1,_Z18gemm_kernel2x2_valIdLb0ELb0ELb0ELb0ELb0EEvPT_PKS0_S3_iiiiiiS0_S0_,49,64,BB_29_15,672,14,0.75,00
1,_Z18gemm_kernel2x2_valIdLb0ELb0ELb0ELb0ELb0EEvPT_PKS0_S3_iiiiiiS0_S0_,49,64,BB_29_16,2800,49,0.892857,00
1,_Z18gemm_kernel2x2_valIdLb0ELb0ELb0ELb0ELb0EEvPT_PKS0_S3_iiiiiiS0_S0_,49,64,BB_29_17,40432,644,0.980978,00
1,_Z18gemm_kernel2x2_valIdLb0ELb0ELb0ELb0ELb0EEvPT_PKS0_S3_iiiiiiS0_S0_,49,64,BB_29_18,672,14,0.75,00
1,_Z18gemm_kernel2x2_valIdLb0ELb0ELb0ELb0ELb0EEvPT_PKS0_S3_iiiiiiS0_S0_,49,64,BB_29_19,2800,49,0.892857,00
1,_Z18gemm_kernel2x2_valIdLb0ELb0ELb0ELb0ELb0EEvPT_PKS0_S3_iiiiiiS0_S0_,49,64,BB_29_2,72128,1127,1,10
1,_Z18gemm_kernel2x2_valIdLb0ELb0ELb0ELb0ELb0EEvPT_PKS0_S3_iiiiiiS0_S0_,49,64,BB_29_20,40432,644,0.980978,00
1,_Z18gemm_kernel2x2_valIdLb0ELb0ELb0ELb0ELb0EEvPT_PKS0_S3_iiiiiiS0_S0_,49,64,BB_29_21,672,14,0.75,00
1,_Z18gemm_kernel2x2_valIdLb0ELb0ELb0ELb0ELb0EEvPT_PKS0_S3_iiiiiiS0_S0_,49,64,BB_29_22,2800,49,0.892857,00
1,_Z18gemm_kernel2x2_valIdLb0ELb0ELb0ELb0ELb0EEvPT_PKS0_S3_iiiiiiS0_S0_,49,64,BB_29_23,37296,595,0.979412,00
1,_Z18gemm_kernel2x2_valIdLb0ELb0ELb0ELb0ELb0EEvPT_PKS0_S3_iiiiiiS0_S0_,49,64,BB_29_24,672,14,0.75,00
1,_Z18gemm_kernel2x2_valIdLb0ELb0ELb0ELb0ELb0EEvPT_PKS0_S3_iiiiiiS0_S0_,49,64,BB_29_25,2800,49,0.892857,00
1,_Z18gemm_kernel2x2_valIdLb0ELb0ELb0ELb0ELb0EEvPT_PKS0_S3_iiiiiiS0_S0_,49,64,BB_29_26,21952,350,0.98,01
1,_Z18gemm_kernel2x2_valIdLb0ELb0ELb0ELb0ELb0EEvPT_PKS0_S3_iiiiiiS0_S0_,49,64,BB_29_27,0,0,0,10
1,_Z18gemm_kernel2x2_valIdLb0ELb0ELb0ELb0ELb0EEvPT_PKS0_S3_iiiiiiS0_S0_,49,64,BB_29_28,21952,343,1,10
1,_Z18gemm_kernel2x2_valIdLb0ELb0ELb0ELb0ELb0EEvPT_PKS0_S3_iiiiiiS0_S0_,49,64,BB_29_29,2970912,46452,0.999322,01
1,_Z18gemm_kernel2x2_valIdLb0ELb0ELb0ELb0ELb0EEvPT_PKS0_S3_iiiiiiS0_S0_,49,64,BB_29_3,0,0,0,10
1,_Z18gemm_kernel2x2_valIdLb0ELb0ELb0ELb0ELb0EEvPT_PKS0_S3_iiiiiiS0_S0_,49,64,BB_29_30,4032,84,0.75,00
1,_Z18gemm_kernel2x2_valIdLb0ELb0ELb0ELb0ELb0EEvPT_PKS0_S3_iiiiiiS0_S0_,49,64,BB_29_31,16800,294,0.892857,00
1,_Z18gemm_kernel2x2_valIdLb0ELb0ELb0ELb0ELb0EEvPT_PKS0_S3_iiiiiiS0_S0_,49,64,BB_29_32,371504,5922,0.980201,00
1,_Z18gemm_kernel2x2_valIdLb0ELb0ELb0ELb0ELb0EEvPT_PKS0_S3_iiiiiiS0_S0_,49,64,BB_29_33,9632,168,0.895833,00
1,_Z18gemm_kernel2x2_valIdLb0ELb0ELb0ELb0ELb0EEvPT_PKS0_S3_iiiiiiS0_S0_,49,64,BB_29_34,14000,245,0.892857,00
1,_Z18gemm_kernel2x2_valIdLb0ELb0ELb0ELb0ELb0EEvPT_PKS0_S3_iiiiiiS0_S0_,49,64,BB_29_35,296240,4739,0.976736,00
1,_Z18gemm_kernel2x2_valIdLb0ELb0ELb0ELb0ELb0EEvPT_PKS0_S3_iiiiiiS0_S0_,49,64,BB_29_36,9632,168,0.895833,00
1,_Z18gemm_kernel2x2_valIdLb0ELb0ELb0ELb0ELb0EEvPT_PKS0_S3_iiiiiiS0_S0_,49,64,BB_29_37,14000,245,0.892857,00
1,_Z18gemm_kernel2x2_valIdLb0ELb0ELb0ELb0ELb0EEvPT_PKS0_S3_iiiiiiS0_S0_,49,64,BB_29_38,277424,4445,0.975197,00
1,_Z18gemm_kernel2x2_valIdLb0ELb0ELb0ELb0ELb0EEvPT_PKS0_S3_iiiiiiS0_S0_,49,64,BB_29_39,9632,168,0.895833,00
1,_Z18gemm_kernel2x2_valIdLb0ELb0ELb0ELb0ELb0EEvPT_PKS0_S3_iiiiiiS0_S0_,49,64,BB_29_4,3136,49,1,10
1,_Z18gemm_kernel2x2_valIdLb0ELb0ELb0ELb0ELb0EEvPT_PKS0_S3_iiiiiiS0_S0_,49,64,BB_29_40,14000,245,0.892857,00
1,_Z18gemm_kernel2x2_valIdLb0ELb0ELb0ELb0ELb0EEvPT_PKS0_S3_iiiiiiS0_S0_,49,64,BB_29_41,392784,6209,0.988444,00
1,_Z18gemm_kernel2x2_valIdLb0ELb0ELb0ELb0ELb0EEvPT_PKS0_S3_iiiiiiS0_S0_,49,64,BB_29_42,4704,98,0.75,00
1,_Z18gemm_kernel2x2_valIdLb0ELb0ELb0ELb0ELb0EEvPT_PKS0_S3_iiiiiiS0_S0_,49,64,BB_29_43,16464,294,0.875,00
1,_Z18gemm_kernel2x2_valIdLb0ELb0ELb0ELb0ELb0EEvPT_PKS0_S3_iiiiiiS0_S0_,49,64,BB_29_44,409248,6517,0.981203,00
1,_Z18gemm_kernel2x2_valIdLb0ELb0ELb0ELb0ELb0EEvPT_PKS0_S3_iiiiiiS0_S0_,49,64,BB_29_45,9408,168,0.875,00
1,_Z18gemm_kernel2x2_valIdLb0ELb0ELb0ELb0ELb0EEvPT_PKS0_S3_iiiiiiS0_S0_,49,64,BB_29_46,14112,252,0.875,00
1,_Z18gemm_kernel2x2_valIdLb0ELb0ELb0ELb0ELb0EEvPT_PKS0_S3_iiiiiiS0_S0_,49,64,BB_29_47,371616,5922,0.980496,00
1,_Z18gemm_kernel2x2_valIdLb0ELb0ELb0ELb0ELb0EEvPT_PKS0_S3_iiiiiiS0_S0_,49,64,BB_29_48,9408,168,0.875,00
1,_Z18gemm_kernel2x2_valIdLb0ELb0ELb0ELb0ELb0EEvPT_PKS0_S3_iiiiiiS0_S0_,49,64,BB_29_49,14112,252,0.875,00
1,_Z18gemm_kernel2x2_valIdLb0ELb0ELb0ELb0ELb0EEvPT_PKS0_S3_iiiiiiS0_S0_,49,64,BB_29_5,37184,588,0.988095,00
1,_Z18gemm_kernel2x2_valIdLb0ELb0ELb0ELb0ELb0EEvPT_PKS0_S3_iiiiiiS0_S0_,49,64,BB_29_50,352800,5628,0.979478,00
1,_Z18gemm_kernel2x2_valIdLb0ELb0ELb0ELb0ELb0EEvPT_PKS0_S3_iiiiiiS0_S0_,49,64,BB_29_51,9408,168,0.875,00
1,_Z18gemm_kernel2x2_valIdLb0ELb0ELb0ELb0ELb0EEvPT_PKS0_S3_iiiiiiS0_S0_,49,64,BB_29_52,14112,252,0.875,00
1,_Z18gemm_kernel2x2_valIdLb0ELb0ELb0ELb0ELb0EEvPT_PKS0_S3_iiiiiiS0_S0_,49,64,BB_29_53,185024,2982,0.969484,01
1,_Z18gemm_kernel2x2_valIdLb0ELb0ELb0ELb0ELb0EEvPT_PKS0_S3_iiiiiiS0_S0_,49,64,BB_29_54,15680,245,1,10
1,_Z18gemm_kernel2x2_valIdLb0ELb0ELb0ELb0ELb0EEvPT_PKS0_S3_iiiiiiS0_S0_,49,64,BB_29_55,0,0,0,10
1,_Z18gemm_kernel2x2_valIdLb0ELb0ELb0ELb0ELb0EEvPT_PKS0_S3_iiiiiiS0_S0_,49,64,BB_29_56,37632,588,1,10
1,_Z18gemm_kernel2x2_valIdLb0ELb0ELb0ELb0ELb0EEvPT_PKS0_S3_iiiiiiS0_S0_,49,64,BB_29_57,159936,2548,0.980769,00
1,_Z18gemm_kernel2x2_valIdLb0ELb0ELb0ELb0ELb0EEvPT_PKS0_S3_iiiiiiS0_S0_,49,64,BB_29_58,84672,1372,0.964286,00
1,_Z18gemm_kernel2x2_valIdLb0ELb0ELb0ELb0ELb0EEvPT_PKS0_S3_iiiiiiS0_S0_,49,64,BB_29_59,432,49,0.137755,00
1,_Z18gemm_kernel2x2_valIdLb0ELb0ELb0ELb0ELb0EEvPT_PKS0_S3_iiiiiiS0_S0_,49,64,BB_29_6,896,14,1,10
1,_Z18gemm_kernel2x2_valIdLb0ELb0ELb0ELb0ELb0EEvPT_PKS0_S3_iiiiiiS0_S0_,49,64,BB_29_60,8112,147,0.862245,00
1,_Z18gemm_kernel2x2_valIdLb0ELb0ELb0ELb0ELb0EEvPT_PKS0_S3_iiiiiiS0_S0_,49,64,BB_29_61,19456,356,0.853933,00
1,_Z18gemm_kernel2x2_valIdLb0ELb0ELb0ELb0ELb0EEvPT_PKS0_S3_iiiiiiS0_S0_,49,64,BB_29_62,7488,126,0.928571,00
1,_Z18gemm_kernel2x2_valIdLb0ELb0ELb0ELb0ELb0EEvPT_PKS0_S3_iiiiiiS0_S0_,49,64,BB_29_63,25728,447,0.899329,00
1,_Z18gemm_kernel2x2_valIdLb0ELb0ELb0ELb0ELb0EEvPT_PKS0_S3_iiiiiiS0_S0_,49,64,BB_29_64,7488,126,0.928571,00
1,_Z18gemm_kernel2x2_valIdLb0ELb0ELb0ELb0ELb0EEvPT_PKS0_S3_iiiiiiS0_S0_,49,64,BB_29_65,16512,300,0.86,00
1,_Z18gemm_kernel2x2_valIdLb0ELb0ELb0ELb0ELb0EEvPT_PKS0_S3_iiiiiiS0_S0_,49,64,BB_29_66,11520,180,1,10
1,_Z18gemm_kernel2x2_valIdLb0ELb0ELb0ELb0ELb0EEvPT_PKS0_S3_iiiiiiS0_S0_,49,64,BB_29_67,0,0,0,10
1,_Z18gemm_kernel2x2_valIdLb0ELb0ELb0ELb0ELb0EEvPT_PKS0_S3_iiiiiiS0_S0_,49,64,BB_29_68,0,0,0,10
1,_Z18gemm_kernel2x2_valIdLb0ELb0ELb0ELb0ELb0EEvPT_PKS0_S3_iiiiiiS0_S0_,49,64,BB_29_69,0,0,0,10
1,_Z18gemm_kernel2x2_valIdLb0ELb0ELb0ELb0ELb0EEvPT_PKS0_S3_iiiiiiS0_S0_,49,64,BB_29_7,2688,42,1,10
1,_Z18gemm_kernel2x2_valIdLb0ELb0ELb0ELb0ELb0EEvPT_PKS0_S3_iiiiiiS0_S0_,49,64,BB_29_70,0,0,0,10
1,_Z18gemm_kernel2x2_valIdLb0ELb0ELb0ELb0ELb0EEvPT_PKS0_S3_iiiiiiS0_S0_,49,64,BB_29_71,0,0,0,10
1,_Z18gemm_kernel2x2_valIdLb0ELb0ELb0ELb0ELb0EEvPT_PKS0_S3_iiiiiiS0_S0_,49,64,BB_29_72,0,0,0,10
1,_Z18gemm_kernel2x2_valIdLb0ELb0ELb0ELb0ELb0EEvPT_PKS0_S3_iiiiiiS0_S0_,49,64,BB_29_73,0,0,0,10
1,_Z18gemm_kernel2x2_valIdLb0ELb0ELb0ELb0ELb0EEvPT_PKS0_S3_iiiiiiS0_S0_,49,64,BB_29_74,0,0,0,10
1,_Z18gemm_kernel2x2_valIdLb0ELb0ELb0ELb0ELb0EEvPT_PKS0_S3_iiiiiiS0_S0_,49,64,BB_29_75,2496,39,1,10
1,_Z18gemm_kernel2x2_valIdLb0ELb0ELb0ELb0ELb0EEvPT_PKS0_S3_iiiiiiS0_S0_,49,64,BB_29_8,37184,588,0.988095,00
1,_Z18gemm_kernel2x2_valIdLb0ELb0ELb0ELb0ELb0EEvPT_PKS0_S3_iiiiiiS0_S0_,49,64,BB_29_9,896,14,1,10
1,_Z18gemm_kernel2x2_valIdLb0ELb0ELb0ELb0ELb0EEvPT_PKS0_S3_iiiiiiS0_S0_,49,64,entry,6650336,105622,0.983805,00
